2022-01-10 16:00:27,854 INFO    MainThread:16116 [internal.py:wandb_internal():90] W&B internal server running at pid: 16116, started at: 2022-01-10 16:00:27.852478
2022-01-10 16:00:27,860 INFO    WriterThread:16116 [datastore.py:open_for_write():77] open: C:\Users\Hemanth\Notebooks\Project\Mini Project\pytorch-CycleGAN-and-pix2pix\wandb\run-20220110_160022-ma71491s\run-ma71491s.wandb
2022-01-10 16:00:27,861 DEBUG   HandlerThread:16116 [handler.py:handle_request():130] handle_request: check_version
2022-01-10 16:00:27,869 DEBUG   SenderThread:16116 [sender.py:send():234] send: header
2022-01-10 16:00:27,870 DEBUG   SenderThread:16116 [sender.py:send_request():248] send_request: check_version
2022-01-10 16:00:28,063 DEBUG   SenderThread:16116 [sender.py:send():234] send: run
2022-01-10 16:00:28,594 DEBUG   HandlerThread:16116 [handler.py:handle_request():130] handle_request: run_start
2022-01-10 16:00:28,659 DEBUG   HandlerThread:16116 [meta.py:__init__():40] meta init
2022-01-10 16:00:28,659 DEBUG   HandlerThread:16116 [meta.py:__init__():54] meta init done
2022-01-10 16:00:28,660 DEBUG   HandlerThread:16116 [meta.py:probe():214] probe
2022-01-10 16:00:28,675 INFO    SenderThread:16116 [dir_watcher.py:__init__():169] watching files in: C:\Users\Hemanth\Notebooks\Project\Mini Project\pytorch-CycleGAN-and-pix2pix\wandb\run-20220110_160022-ma71491s\files
2022-01-10 16:00:28,676 INFO    SenderThread:16116 [sender.py:_start_run_threads():807] run started: ma71491s with start time 1641810622
2022-01-10 16:00:28,677 DEBUG   SenderThread:16116 [sender.py:send():234] send: summary
2022-01-10 16:00:28,680 INFO    SenderThread:16116 [sender.py:_save_file():939] saving file wandb-summary.json with policy end
2022-01-10 16:00:28,736 DEBUG   HandlerThread:16116 [meta.py:_setup_git():204] setup git
2022-01-10 16:00:29,078 DEBUG   HandlerThread:16116 [meta.py:_setup_git():211] setup git done
2022-01-10 16:00:29,078 DEBUG   HandlerThread:16116 [meta.py:_save_pip():58] save pip
2022-01-10 16:00:29,082 DEBUG   HandlerThread:16116 [meta.py:_save_pip():72] save pip done
2022-01-10 16:00:29,083 DEBUG   HandlerThread:16116 [meta.py:probe():252] probe done
2022-01-10 16:00:29,132 DEBUG   SenderThread:16116 [sender.py:send():234] send: files
2022-01-10 16:00:29,133 INFO    SenderThread:16116 [sender.py:_save_file():939] saving file wandb-metadata.json with policy now
2022-01-10 16:00:29,159 DEBUG   HandlerThread:16116 [handler.py:handle_request():130] handle_request: stop_status
2022-01-10 16:00:29,160 DEBUG   SenderThread:16116 [sender.py:send_request():248] send_request: stop_status
2022-01-10 16:00:29,587 DEBUG   SenderThread:16116 [sender.py:send():234] send: telemetry
2022-01-10 16:00:29,705 INFO    Thread-13 :16116 [dir_watcher.py:_on_file_created():217] file/dir created: C:\Users\Hemanth\Notebooks\Project\Mini Project\pytorch-CycleGAN-and-pix2pix\wandb\run-20220110_160022-ma71491s\files\wandb-summary.json
2022-01-10 16:00:29,706 INFO    Thread-13 :16116 [dir_watcher.py:_on_file_created():217] file/dir created: C:\Users\Hemanth\Notebooks\Project\Mini Project\pytorch-CycleGAN-and-pix2pix\wandb\run-20220110_160022-ma71491s\files\output.log
2022-01-10 16:00:29,708 INFO    Thread-13 :16116 [dir_watcher.py:_on_file_created():217] file/dir created: C:\Users\Hemanth\Notebooks\Project\Mini Project\pytorch-CycleGAN-and-pix2pix\wandb\run-20220110_160022-ma71491s\files\wandb-metadata.json
2022-01-10 16:00:29,709 INFO    Thread-13 :16116 [dir_watcher.py:_on_file_created():217] file/dir created: C:\Users\Hemanth\Notebooks\Project\Mini Project\pytorch-CycleGAN-and-pix2pix\wandb\run-20220110_160022-ma71491s\files\requirements.txt
2022-01-10 16:00:31,014 INFO    Thread-17 :16116 [upload_job.py:push():137] Uploaded file C:\Users\Hemanth\AppData\Local\Temp\tmp5mnr2wycwandb\qllq3kpm-wandb-metadata.json
2022-01-10 16:00:31,727 INFO    Thread-13 :16116 [dir_watcher.py:_on_file_modified():230] file/dir modified: C:\Users\Hemanth\Notebooks\Project\Mini Project\pytorch-CycleGAN-and-pix2pix\wandb\run-20220110_160022-ma71491s\files\output.log
2022-01-10 16:00:32,909 DEBUG   SenderThread:16116 [sender.py:send():234] send: files
2022-01-10 16:00:32,909 INFO    SenderThread:16116 [sender.py:_save_file():939] saving file media\images\real_0_e8396bf1a1eb5acf1b93.png with policy now
2022-01-10 16:00:32,915 DEBUG   SenderThread:16116 [sender.py:send():234] send: files
2022-01-10 16:00:32,915 INFO    SenderThread:16116 [sender.py:_save_file():939] saving file media\images\fake_0_a84fb200a880a21d9ae4.png with policy now
2022-01-10 16:00:32,920 DEBUG   SenderThread:16116 [sender.py:send():234] send: history
2022-01-10 16:00:32,921 DEBUG   SenderThread:16116 [sender.py:send():234] send: summary
2022-01-10 16:00:32,927 INFO    SenderThread:16116 [sender.py:_save_file():939] saving file wandb-summary.json with policy end
2022-01-10 16:00:33,758 INFO    Thread-13 :16116 [dir_watcher.py:_on_file_modified():230] file/dir modified: C:\Users\Hemanth\Notebooks\Project\Mini Project\pytorch-CycleGAN-and-pix2pix\wandb\run-20220110_160022-ma71491s\files\wandb-summary.json
2022-01-10 16:00:33,759 INFO    Thread-13 :16116 [dir_watcher.py:_on_file_modified():230] file/dir modified: C:\Users\Hemanth\Notebooks\Project\Mini Project\pytorch-CycleGAN-and-pix2pix\wandb\run-20220110_160022-ma71491s\files\output.log
2022-01-10 16:00:33,760 INFO    Thread-13 :16116 [dir_watcher.py:_on_file_created():217] file/dir created: C:\Users\Hemanth\Notebooks\Project\Mini Project\pytorch-CycleGAN-and-pix2pix\wandb\run-20220110_160022-ma71491s\files\media\images\real_0_e8396bf1a1eb5acf1b93.png
2022-01-10 16:00:33,761 INFO    Thread-13 :16116 [dir_watcher.py:_on_file_created():217] file/dir created: C:\Users\Hemanth\Notebooks\Project\Mini Project\pytorch-CycleGAN-and-pix2pix\wandb\run-20220110_160022-ma71491s\files\media\images\fake_0_a84fb200a880a21d9ae4.png
2022-01-10 16:00:33,762 INFO    Thread-13 :16116 [dir_watcher.py:_on_file_created():217] file/dir created: C:\Users\Hemanth\Notebooks\Project\Mini Project\pytorch-CycleGAN-and-pix2pix\wandb\run-20220110_160022-ma71491s\files\media
2022-01-10 16:00:33,763 INFO    Thread-13 :16116 [dir_watcher.py:_on_file_created():217] file/dir created: C:\Users\Hemanth\Notebooks\Project\Mini Project\pytorch-CycleGAN-and-pix2pix\wandb\run-20220110_160022-ma71491s\files\media\images
2022-01-10 16:00:34,100 INFO    Thread-18 :16116 [upload_job.py:push():137] Uploaded file C:\Users\Hemanth\AppData\Local\Temp\tmp5mnr2wycwandb\3jxgxwoy-media/images/real_0_e8396bf1a1eb5acf1b93.png
2022-01-10 16:00:34,189 INFO    Thread-19 :16116 [upload_job.py:push():137] Uploaded file C:\Users\Hemanth\AppData\Local\Temp\tmp5mnr2wycwandb\2ctsxn97-media/images/fake_0_a84fb200a880a21d9ae4.png
2022-01-10 16:00:36,912 DEBUG   SenderThread:16116 [sender.py:send():234] send: files
2022-01-10 16:00:36,912 INFO    SenderThread:16116 [sender.py:_save_file():939] saving file media\images\real_1_914d6a2d8e5f47dc89b6.png with policy now
2022-01-10 16:00:36,919 DEBUG   SenderThread:16116 [sender.py:send():234] send: files
2022-01-10 16:00:36,919 INFO    SenderThread:16116 [sender.py:_save_file():939] saving file media\images\fake_1_585ec404de6658cec7c4.png with policy now
2022-01-10 16:00:36,924 DEBUG   SenderThread:16116 [sender.py:send():234] send: history
2022-01-10 16:00:36,925 DEBUG   SenderThread:16116 [sender.py:send():234] send: summary
2022-01-10 16:00:36,956 INFO    SenderThread:16116 [sender.py:_save_file():939] saving file wandb-summary.json with policy end
2022-01-10 16:00:37,836 INFO    Thread-13 :16116 [dir_watcher.py:_on_file_modified():230] file/dir modified: C:\Users\Hemanth\Notebooks\Project\Mini Project\pytorch-CycleGAN-and-pix2pix\wandb\run-20220110_160022-ma71491s\files\wandb-summary.json
2022-01-10 16:00:37,837 INFO    Thread-13 :16116 [dir_watcher.py:_on_file_created():217] file/dir created: C:\Users\Hemanth\Notebooks\Project\Mini Project\pytorch-CycleGAN-and-pix2pix\wandb\run-20220110_160022-ma71491s\files\media\images\fake_1_585ec404de6658cec7c4.png
2022-01-10 16:00:37,839 INFO    Thread-13 :16116 [dir_watcher.py:_on_file_created():217] file/dir created: C:\Users\Hemanth\Notebooks\Project\Mini Project\pytorch-CycleGAN-and-pix2pix\wandb\run-20220110_160022-ma71491s\files\media\images\real_1_914d6a2d8e5f47dc89b6.png
2022-01-10 16:00:37,840 INFO    Thread-13 :16116 [dir_watcher.py:_on_file_modified():230] file/dir modified: C:\Users\Hemanth\Notebooks\Project\Mini Project\pytorch-CycleGAN-and-pix2pix\wandb\run-20220110_160022-ma71491s\files\media\images
2022-01-10 16:00:38,181 INFO    Thread-20 :16116 [upload_job.py:push():137] Uploaded file C:\Users\Hemanth\AppData\Local\Temp\tmp5mnr2wycwandb\3nevssmu-media/images/real_1_914d6a2d8e5f47dc89b6.png
2022-01-10 16:00:38,283 INFO    Thread-21 :16116 [upload_job.py:push():137] Uploaded file C:\Users\Hemanth\AppData\Local\Temp\tmp5mnr2wycwandb\2xfo3mkr-media/images/fake_1_585ec404de6658cec7c4.png
2022-01-10 16:00:42,348 DEBUG   SenderThread:16116 [sender.py:send():234] send: files
2022-01-10 16:00:42,349 INFO    SenderThread:16116 [sender.py:_save_file():939] saving file media\images\real_2_8368b989fb977f39f4e4.png with policy now
2022-01-10 16:00:42,354 DEBUG   SenderThread:16116 [sender.py:send():234] send: files
2022-01-10 16:00:42,355 INFO    SenderThread:16116 [sender.py:_save_file():939] saving file media\images\fake_2_e8b27e460f6cc1694b48.png with policy now
2022-01-10 16:00:42,361 DEBUG   SenderThread:16116 [sender.py:send():234] send: history
2022-01-10 16:00:42,362 DEBUG   SenderThread:16116 [sender.py:send():234] send: summary
2022-01-10 16:00:42,371 INFO    SenderThread:16116 [sender.py:_save_file():939] saving file wandb-summary.json with policy end
2022-01-10 16:00:42,947 INFO    Thread-13 :16116 [dir_watcher.py:_on_file_modified():230] file/dir modified: C:\Users\Hemanth\Notebooks\Project\Mini Project\pytorch-CycleGAN-and-pix2pix\wandb\run-20220110_160022-ma71491s\files\wandb-summary.json
2022-01-10 16:00:42,948 INFO    Thread-13 :16116 [dir_watcher.py:_on_file_created():217] file/dir created: C:\Users\Hemanth\Notebooks\Project\Mini Project\pytorch-CycleGAN-and-pix2pix\wandb\run-20220110_160022-ma71491s\files\media\images\real_2_8368b989fb977f39f4e4.png
2022-01-10 16:00:42,950 INFO    Thread-13 :16116 [dir_watcher.py:_on_file_created():217] file/dir created: C:\Users\Hemanth\Notebooks\Project\Mini Project\pytorch-CycleGAN-and-pix2pix\wandb\run-20220110_160022-ma71491s\files\media\images\fake_2_e8b27e460f6cc1694b48.png
2022-01-10 16:00:42,951 INFO    Thread-13 :16116 [dir_watcher.py:_on_file_modified():230] file/dir modified: C:\Users\Hemanth\Notebooks\Project\Mini Project\pytorch-CycleGAN-and-pix2pix\wandb\run-20220110_160022-ma71491s\files\media\images
2022-01-10 16:00:43,704 INFO    Thread-22 :16116 [upload_job.py:push():137] Uploaded file C:\Users\Hemanth\AppData\Local\Temp\tmp5mnr2wycwandb\10tvvdmq-media/images/real_2_8368b989fb977f39f4e4.png
2022-01-10 16:00:43,766 INFO    Thread-23 :16116 [upload_job.py:push():137] Uploaded file C:\Users\Hemanth\AppData\Local\Temp\tmp5mnr2wycwandb\38b14qe4-media/images/fake_2_e8b27e460f6cc1694b48.png
2022-01-10 16:00:44,600 DEBUG   HandlerThread:16116 [handler.py:handle_request():130] handle_request: stop_status
2022-01-10 16:00:44,601 DEBUG   SenderThread:16116 [sender.py:send_request():248] send_request: stop_status
2022-01-10 16:00:46,234 DEBUG   SenderThread:16116 [sender.py:send():234] send: files
2022-01-10 16:00:46,235 INFO    SenderThread:16116 [sender.py:_save_file():939] saving file media\images\real_3_13c0915d226521fb56bb.png with policy now
2022-01-10 16:00:46,240 DEBUG   SenderThread:16116 [sender.py:send():234] send: files
2022-01-10 16:00:46,241 INFO    SenderThread:16116 [sender.py:_save_file():939] saving file media\images\fake_3_1d63c9233893cc5c1097.png with policy now
2022-01-10 16:00:46,249 DEBUG   SenderThread:16116 [sender.py:send():234] send: history
2022-01-10 16:00:46,249 DEBUG   SenderThread:16116 [sender.py:send():234] send: summary
2022-01-10 16:00:48,039 INFO    SenderThread:16116 [sender.py:_save_file():939] saving file wandb-summary.json with policy end
2022-01-10 16:00:48,045 INFO    Thread-13 :16116 [dir_watcher.py:_on_file_modified():230] file/dir modified: C:\Users\Hemanth\Notebooks\Project\Mini Project\pytorch-CycleGAN-and-pix2pix\wandb\run-20220110_160022-ma71491s\files\wandb-summary.json
2022-01-10 16:00:48,046 INFO    Thread-13 :16116 [dir_watcher.py:_on_file_created():217] file/dir created: C:\Users\Hemanth\Notebooks\Project\Mini Project\pytorch-CycleGAN-and-pix2pix\wandb\run-20220110_160022-ma71491s\files\media\images\fake_3_1d63c9233893cc5c1097.png
2022-01-10 16:00:48,048 INFO    Thread-13 :16116 [dir_watcher.py:_on_file_created():217] file/dir created: C:\Users\Hemanth\Notebooks\Project\Mini Project\pytorch-CycleGAN-and-pix2pix\wandb\run-20220110_160022-ma71491s\files\media\images\real_3_13c0915d226521fb56bb.png
2022-01-10 16:00:48,049 INFO    Thread-13 :16116 [dir_watcher.py:_on_file_modified():230] file/dir modified: C:\Users\Hemanth\Notebooks\Project\Mini Project\pytorch-CycleGAN-and-pix2pix\wandb\run-20220110_160022-ma71491s\files\media\images
2022-01-10 16:00:48,721 DEBUG   SenderThread:16116 [sender.py:send():234] send: telemetry
2022-01-10 16:00:48,722 DEBUG   SenderThread:16116 [sender.py:send():234] send: exit
2022-01-10 16:00:48,723 INFO    SenderThread:16116 [sender.py:send_exit():366] handling exit code: 0
2022-01-10 16:00:48,723 DEBUG   HandlerThread:16116 [handler.py:handle_request():130] handle_request: poll_exit
2022-01-10 16:00:48,723 INFO    SenderThread:16116 [sender.py:send_exit():368] handling runtime: 20
2022-01-10 16:00:48,727 INFO    SenderThread:16116 [sender.py:_save_file():939] saving file wandb-summary.json with policy end
2022-01-10 16:00:48,729 INFO    SenderThread:16116 [sender.py:send_exit():374] send defer
2022-01-10 16:00:48,730 DEBUG   SenderThread:16116 [sender.py:send_request():248] send_request: poll_exit
2022-01-10 16:00:48,732 DEBUG   HandlerThread:16116 [handler.py:handle_request():130] handle_request: defer
2022-01-10 16:00:48,732 INFO    HandlerThread:16116 [handler.py:handle_request_defer():147] handle defer: 0
2022-01-10 16:00:48,733 DEBUG   SenderThread:16116 [sender.py:send_request():248] send_request: defer
2022-01-10 16:00:48,733 INFO    SenderThread:16116 [sender.py:send_request_defer():383] handle sender defer: 0
2022-01-10 16:00:48,733 INFO    SenderThread:16116 [sender.py:transition_state():387] send defer: 1
2022-01-10 16:00:48,735 DEBUG   HandlerThread:16116 [handler.py:handle_request():130] handle_request: defer
2022-01-10 16:00:48,735 INFO    HandlerThread:16116 [handler.py:handle_request_defer():147] handle defer: 1
2022-01-10 16:00:48,886 DEBUG   SenderThread:16116 [sender.py:send_request():248] send_request: defer
2022-01-10 16:00:48,888 INFO    SenderThread:16116 [sender.py:send_request_defer():383] handle sender defer: 1
2022-01-10 16:00:48,888 INFO    SenderThread:16116 [sender.py:transition_state():387] send defer: 2
2022-01-10 16:00:48,889 DEBUG   SenderThread:16116 [sender.py:send():234] send: stats
2022-01-10 16:00:48,892 DEBUG   HandlerThread:16116 [handler.py:handle_request():130] handle_request: defer
2022-01-10 16:00:48,893 INFO    HandlerThread:16116 [handler.py:handle_request_defer():147] handle defer: 2
2022-01-10 16:00:48,894 DEBUG   SenderThread:16116 [sender.py:send_request():248] send_request: defer
2022-01-10 16:00:48,894 INFO    SenderThread:16116 [sender.py:send_request_defer():383] handle sender defer: 2
2022-01-10 16:00:48,895 INFO    SenderThread:16116 [sender.py:transition_state():387] send defer: 3
2022-01-10 16:00:48,896 DEBUG   HandlerThread:16116 [handler.py:handle_request():130] handle_request: defer
2022-01-10 16:00:48,896 INFO    HandlerThread:16116 [handler.py:handle_request_defer():147] handle defer: 3
2022-01-10 16:00:48,897 DEBUG   SenderThread:16116 [sender.py:send():234] send: summary
2022-01-10 16:00:48,901 INFO    SenderThread:16116 [sender.py:_save_file():939] saving file wandb-summary.json with policy end
2022-01-10 16:00:48,902 DEBUG   SenderThread:16116 [sender.py:send_request():248] send_request: defer
2022-01-10 16:00:48,902 INFO    SenderThread:16116 [sender.py:send_request_defer():383] handle sender defer: 3
2022-01-10 16:00:48,903 INFO    SenderThread:16116 [sender.py:transition_state():387] send defer: 4
2022-01-10 16:00:48,904 DEBUG   HandlerThread:16116 [handler.py:handle_request():130] handle_request: defer
2022-01-10 16:00:48,904 INFO    HandlerThread:16116 [handler.py:handle_request_defer():147] handle defer: 4
2022-01-10 16:00:48,905 DEBUG   SenderThread:16116 [sender.py:send_request():248] send_request: defer
2022-01-10 16:00:48,905 INFO    SenderThread:16116 [sender.py:send_request_defer():383] handle sender defer: 4
2022-01-10 16:00:48,932 DEBUG   HandlerThread:16116 [handler.py:handle_request():130] handle_request: poll_exit
2022-01-10 16:00:49,115 INFO    Thread-13 :16116 [dir_watcher.py:_on_file_modified():230] file/dir modified: C:\Users\Hemanth\Notebooks\Project\Mini Project\pytorch-CycleGAN-and-pix2pix\wandb\run-20220110_160022-ma71491s\files\wandb-summary.json
2022-01-10 16:00:49,117 INFO    Thread-13 :16116 [dir_watcher.py:_on_file_modified():230] file/dir modified: C:\Users\Hemanth\Notebooks\Project\Mini Project\pytorch-CycleGAN-and-pix2pix\wandb\run-20220110_160022-ma71491s\files\output.log
2022-01-10 16:00:49,285 INFO    Thread-24 :16116 [upload_job.py:push():137] Uploaded file C:\Users\Hemanth\AppData\Local\Temp\tmp5mnr2wycwandb\dxqjpopf-media/images/real_3_13c0915d226521fb56bb.png
2022-01-10 16:00:49,326 INFO    Thread-25 :16116 [upload_job.py:push():137] Uploaded file C:\Users\Hemanth\AppData\Local\Temp\tmp5mnr2wycwandb\3bfauzrz-media/images/fake_3_1d63c9233893cc5c1097.png
2022-01-10 16:00:49,483 INFO    SenderThread:16116 [sender.py:transition_state():387] send defer: 5
2022-01-10 16:00:49,484 DEBUG   SenderThread:16116 [sender.py:send_request():248] send_request: poll_exit
2022-01-10 16:00:49,486 DEBUG   HandlerThread:16116 [handler.py:handle_request():130] handle_request: defer
2022-01-10 16:00:49,486 INFO    HandlerThread:16116 [handler.py:handle_request_defer():147] handle defer: 5
2022-01-10 16:00:49,487 DEBUG   SenderThread:16116 [sender.py:send_request():248] send_request: defer
2022-01-10 16:00:49,487 INFO    SenderThread:16116 [sender.py:send_request_defer():383] handle sender defer: 5
2022-01-10 16:00:49,488 INFO    SenderThread:16116 [dir_watcher.py:finish():283] shutting down directory watcher
2022-01-10 16:00:49,601 DEBUG   HandlerThread:16116 [handler.py:handle_request():130] handle_request: poll_exit
2022-01-10 16:00:50,121 INFO    Thread-13 :16116 [dir_watcher.py:_on_file_modified():230] file/dir modified: C:\Users\Hemanth\Notebooks\Project\Mini Project\pytorch-CycleGAN-and-pix2pix\wandb\run-20220110_160022-ma71491s\files\config.yaml
2022-01-10 16:00:50,132 INFO    SenderThread:16116 [dir_watcher.py:finish():313] scan: C:\Users\Hemanth\Notebooks\Project\Mini Project\pytorch-CycleGAN-and-pix2pix\wandb\run-20220110_160022-ma71491s\files
2022-01-10 16:00:50,134 INFO    SenderThread:16116 [dir_watcher.py:finish():327] scan save: C:\Users\Hemanth\Notebooks\Project\Mini Project\pytorch-CycleGAN-and-pix2pix\wandb\run-20220110_160022-ma71491s\files\config.yaml config.yaml
2022-01-10 16:00:50,135 INFO    SenderThread:16116 [dir_watcher.py:finish():327] scan save: C:\Users\Hemanth\Notebooks\Project\Mini Project\pytorch-CycleGAN-and-pix2pix\wandb\run-20220110_160022-ma71491s\files\output.log output.log
2022-01-10 16:00:50,137 INFO    SenderThread:16116 [dir_watcher.py:finish():327] scan save: C:\Users\Hemanth\Notebooks\Project\Mini Project\pytorch-CycleGAN-and-pix2pix\wandb\run-20220110_160022-ma71491s\files\requirements.txt requirements.txt
2022-01-10 16:00:50,139 INFO    SenderThread:16116 [dir_watcher.py:finish():327] scan save: C:\Users\Hemanth\Notebooks\Project\Mini Project\pytorch-CycleGAN-and-pix2pix\wandb\run-20220110_160022-ma71491s\files\wandb-metadata.json wandb-metadata.json
2022-01-10 16:00:50,140 INFO    SenderThread:16116 [dir_watcher.py:finish():327] scan save: C:\Users\Hemanth\Notebooks\Project\Mini Project\pytorch-CycleGAN-and-pix2pix\wandb\run-20220110_160022-ma71491s\files\wandb-summary.json wandb-summary.json
2022-01-10 16:00:50,205 INFO    SenderThread:16116 [dir_watcher.py:finish():327] scan save: C:\Users\Hemanth\Notebooks\Project\Mini Project\pytorch-CycleGAN-and-pix2pix\wandb\run-20220110_160022-ma71491s\files\media\images\fake_0_a84fb200a880a21d9ae4.png media\images\fake_0_a84fb200a880a21d9ae4.png
2022-01-10 16:00:50,206 INFO    SenderThread:16116 [dir_watcher.py:finish():327] scan save: C:\Users\Hemanth\Notebooks\Project\Mini Project\pytorch-CycleGAN-and-pix2pix\wandb\run-20220110_160022-ma71491s\files\media\images\fake_1_585ec404de6658cec7c4.png media\images\fake_1_585ec404de6658cec7c4.png
2022-01-10 16:00:50,210 INFO    SenderThread:16116 [dir_watcher.py:finish():327] scan save: C:\Users\Hemanth\Notebooks\Project\Mini Project\pytorch-CycleGAN-and-pix2pix\wandb\run-20220110_160022-ma71491s\files\media\images\fake_2_e8b27e460f6cc1694b48.png media\images\fake_2_e8b27e460f6cc1694b48.png
2022-01-10 16:00:50,211 INFO    SenderThread:16116 [dir_watcher.py:finish():327] scan save: C:\Users\Hemanth\Notebooks\Project\Mini Project\pytorch-CycleGAN-and-pix2pix\wandb\run-20220110_160022-ma71491s\files\media\images\fake_3_1d63c9233893cc5c1097.png media\images\fake_3_1d63c9233893cc5c1097.png
2022-01-10 16:00:50,212 INFO    SenderThread:16116 [dir_watcher.py:finish():327] scan save: C:\Users\Hemanth\Notebooks\Project\Mini Project\pytorch-CycleGAN-and-pix2pix\wandb\run-20220110_160022-ma71491s\files\media\images\real_0_e8396bf1a1eb5acf1b93.png media\images\real_0_e8396bf1a1eb5acf1b93.png
2022-01-10 16:00:50,216 INFO    SenderThread:16116 [dir_watcher.py:finish():327] scan save: C:\Users\Hemanth\Notebooks\Project\Mini Project\pytorch-CycleGAN-and-pix2pix\wandb\run-20220110_160022-ma71491s\files\media\images\real_1_914d6a2d8e5f47dc89b6.png media\images\real_1_914d6a2d8e5f47dc89b6.png
2022-01-10 16:00:50,216 INFO    SenderThread:16116 [dir_watcher.py:finish():327] scan save: C:\Users\Hemanth\Notebooks\Project\Mini Project\pytorch-CycleGAN-and-pix2pix\wandb\run-20220110_160022-ma71491s\files\media\images\real_2_8368b989fb977f39f4e4.png media\images\real_2_8368b989fb977f39f4e4.png
2022-01-10 16:00:50,218 INFO    SenderThread:16116 [dir_watcher.py:finish():327] scan save: C:\Users\Hemanth\Notebooks\Project\Mini Project\pytorch-CycleGAN-and-pix2pix\wandb\run-20220110_160022-ma71491s\files\media\images\real_3_13c0915d226521fb56bb.png media\images\real_3_13c0915d226521fb56bb.png
2022-01-10 16:00:50,218 INFO    SenderThread:16116 [sender.py:transition_state():387] send defer: 6
2022-01-10 16:00:50,218 DEBUG   SenderThread:16116 [sender.py:send_request():248] send_request: poll_exit
2022-01-10 16:00:50,219 DEBUG   HandlerThread:16116 [handler.py:handle_request():130] handle_request: defer
2022-01-10 16:00:50,220 INFO    HandlerThread:16116 [handler.py:handle_request_defer():147] handle defer: 6
2022-01-10 16:00:50,221 DEBUG   SenderThread:16116 [sender.py:send_request():248] send_request: defer
2022-01-10 16:00:50,221 INFO    SenderThread:16116 [sender.py:send_request_defer():383] handle sender defer: 6
2022-01-10 16:00:50,221 INFO    SenderThread:16116 [file_pusher.py:finish():177] shutting down file pusher
2022-01-10 16:00:50,334 DEBUG   HandlerThread:16116 [handler.py:handle_request():130] handle_request: poll_exit
2022-01-10 16:00:50,335 DEBUG   SenderThread:16116 [sender.py:send_request():248] send_request: poll_exit
2022-01-10 16:00:50,442 DEBUG   HandlerThread:16116 [handler.py:handle_request():130] handle_request: poll_exit
2022-01-10 16:00:50,443 DEBUG   SenderThread:16116 [sender.py:send_request():248] send_request: poll_exit
2022-01-10 16:00:50,553 DEBUG   HandlerThread:16116 [handler.py:handle_request():130] handle_request: poll_exit
2022-01-10 16:00:50,554 DEBUG   SenderThread:16116 [sender.py:send_request():248] send_request: poll_exit
2022-01-10 16:00:50,665 DEBUG   HandlerThread:16116 [handler.py:handle_request():130] handle_request: poll_exit
2022-01-10 16:00:50,665 DEBUG   SenderThread:16116 [sender.py:send_request():248] send_request: poll_exit
2022-01-10 16:00:50,773 DEBUG   HandlerThread:16116 [handler.py:handle_request():130] handle_request: poll_exit
2022-01-10 16:00:50,774 DEBUG   SenderThread:16116 [sender.py:send_request():248] send_request: poll_exit
2022-01-10 16:00:50,881 DEBUG   HandlerThread:16116 [handler.py:handle_request():130] handle_request: poll_exit
2022-01-10 16:00:50,882 DEBUG   SenderThread:16116 [sender.py:send_request():248] send_request: poll_exit
2022-01-10 16:00:50,991 DEBUG   HandlerThread:16116 [handler.py:handle_request():130] handle_request: poll_exit
2022-01-10 16:00:50,991 DEBUG   SenderThread:16116 [sender.py:send_request():248] send_request: poll_exit
2022-01-10 16:00:51,101 DEBUG   HandlerThread:16116 [handler.py:handle_request():130] handle_request: poll_exit
2022-01-10 16:00:51,102 DEBUG   SenderThread:16116 [sender.py:send_request():248] send_request: poll_exit
2022-01-10 16:00:51,208 DEBUG   HandlerThread:16116 [handler.py:handle_request():130] handle_request: poll_exit
2022-01-10 16:00:51,209 DEBUG   SenderThread:16116 [sender.py:send_request():248] send_request: poll_exit
2022-01-10 16:00:51,318 DEBUG   HandlerThread:16116 [handler.py:handle_request():130] handle_request: poll_exit
2022-01-10 16:00:51,318 DEBUG   SenderThread:16116 [sender.py:send_request():248] send_request: poll_exit
2022-01-10 16:00:51,330 INFO    Thread-29 :16116 [upload_job.py:push():137] Uploaded file C:\Users\Hemanth\Notebooks\Project\Mini Project\pytorch-CycleGAN-and-pix2pix\wandb\run-20220110_160022-ma71491s\files\wandb-summary.json
2022-01-10 16:00:51,401 INFO    Thread-28 :16116 [upload_job.py:push():137] Uploaded file C:\Users\Hemanth\Notebooks\Project\Mini Project\pytorch-CycleGAN-and-pix2pix\wandb\run-20220110_160022-ma71491s\files\requirements.txt
2022-01-10 16:00:51,428 DEBUG   HandlerThread:16116 [handler.py:handle_request():130] handle_request: poll_exit
2022-01-10 16:00:51,428 DEBUG   SenderThread:16116 [sender.py:send_request():248] send_request: poll_exit
2022-01-10 16:00:51,475 INFO    Thread-27 :16116 [upload_job.py:push():137] Uploaded file C:\Users\Hemanth\Notebooks\Project\Mini Project\pytorch-CycleGAN-and-pix2pix\wandb\run-20220110_160022-ma71491s\files\output.log
2022-01-10 16:00:51,538 DEBUG   HandlerThread:16116 [handler.py:handle_request():130] handle_request: poll_exit
2022-01-10 16:00:51,539 DEBUG   SenderThread:16116 [sender.py:send_request():248] send_request: poll_exit
2022-01-10 16:00:51,645 DEBUG   HandlerThread:16116 [handler.py:handle_request():130] handle_request: poll_exit
2022-01-10 16:00:51,646 DEBUG   SenderThread:16116 [sender.py:send_request():248] send_request: poll_exit
2022-01-10 16:00:51,757 DEBUG   HandlerThread:16116 [handler.py:handle_request():130] handle_request: poll_exit
2022-01-10 16:00:51,758 DEBUG   SenderThread:16116 [sender.py:send_request():248] send_request: poll_exit
2022-01-10 16:00:51,866 DEBUG   HandlerThread:16116 [handler.py:handle_request():130] handle_request: poll_exit
2022-01-10 16:00:51,867 DEBUG   SenderThread:16116 [sender.py:send_request():248] send_request: poll_exit
2022-01-10 16:00:51,974 DEBUG   HandlerThread:16116 [handler.py:handle_request():130] handle_request: poll_exit
2022-01-10 16:00:51,975 DEBUG   SenderThread:16116 [sender.py:send_request():248] send_request: poll_exit
2022-01-10 16:00:52,087 DEBUG   HandlerThread:16116 [handler.py:handle_request():130] handle_request: poll_exit
2022-01-10 16:00:52,088 DEBUG   SenderThread:16116 [sender.py:send_request():248] send_request: poll_exit
2022-01-10 16:00:52,193 DEBUG   HandlerThread:16116 [handler.py:handle_request():130] handle_request: poll_exit
2022-01-10 16:00:52,194 DEBUG   SenderThread:16116 [sender.py:send_request():248] send_request: poll_exit
2022-01-10 16:00:52,304 DEBUG   HandlerThread:16116 [handler.py:handle_request():130] handle_request: poll_exit
2022-01-10 16:00:52,305 DEBUG   SenderThread:16116 [sender.py:send_request():248] send_request: poll_exit
2022-01-10 16:00:52,413 DEBUG   HandlerThread:16116 [handler.py:handle_request():130] handle_request: poll_exit
2022-01-10 16:00:52,414 DEBUG   SenderThread:16116 [sender.py:send_request():248] send_request: poll_exit
2022-01-10 16:00:52,507 INFO    Thread-26 :16116 [upload_job.py:push():137] Uploaded file C:\Users\Hemanth\Notebooks\Project\Mini Project\pytorch-CycleGAN-and-pix2pix\wandb\run-20220110_160022-ma71491s\files\config.yaml
2022-01-10 16:00:52,521 DEBUG   HandlerThread:16116 [handler.py:handle_request():130] handle_request: poll_exit
2022-01-10 16:00:52,521 DEBUG   SenderThread:16116 [sender.py:send_request():248] send_request: poll_exit
2022-01-10 16:00:52,629 DEBUG   HandlerThread:16116 [handler.py:handle_request():130] handle_request: poll_exit
2022-01-10 16:00:52,629 DEBUG   SenderThread:16116 [sender.py:send_request():248] send_request: poll_exit
2022-01-10 16:00:52,722 INFO    Thread-11 :16116 [sender.py:transition_state():387] send defer: 7
2022-01-10 16:00:52,723 DEBUG   HandlerThread:16116 [handler.py:handle_request():130] handle_request: defer
2022-01-10 16:00:52,723 INFO    HandlerThread:16116 [handler.py:handle_request_defer():147] handle defer: 7
2022-01-10 16:00:52,723 DEBUG   SenderThread:16116 [sender.py:send_request():248] send_request: defer
2022-01-10 16:00:52,724 INFO    SenderThread:16116 [sender.py:send_request_defer():383] handle sender defer: 7
2022-01-10 16:00:52,739 DEBUG   HandlerThread:16116 [handler.py:handle_request():130] handle_request: poll_exit
2022-01-10 16:00:53,033 INFO    SenderThread:16116 [sender.py:transition_state():387] send defer: 8
2022-01-10 16:00:53,033 DEBUG   SenderThread:16116 [sender.py:send_request():248] send_request: poll_exit
2022-01-10 16:00:53,034 DEBUG   HandlerThread:16116 [handler.py:handle_request():130] handle_request: defer
2022-01-10 16:00:53,035 INFO    HandlerThread:16116 [handler.py:handle_request_defer():147] handle defer: 8
2022-01-10 16:00:53,035 DEBUG   SenderThread:16116 [sender.py:send_request():248] send_request: defer
2022-01-10 16:00:53,035 INFO    SenderThread:16116 [sender.py:send_request_defer():383] handle sender defer: 8
2022-01-10 16:00:53,036 INFO    SenderThread:16116 [sender.py:transition_state():387] send defer: 9
2022-01-10 16:00:53,037 DEBUG   SenderThread:16116 [sender.py:send():234] send: final
2022-01-10 16:00:53,038 DEBUG   SenderThread:16116 [sender.py:send():234] send: footer
2022-01-10 16:00:53,038 DEBUG   HandlerThread:16116 [handler.py:handle_request():130] handle_request: defer
2022-01-10 16:00:53,038 INFO    HandlerThread:16116 [handler.py:handle_request_defer():147] handle defer: 9
2022-01-10 16:00:53,039 DEBUG   SenderThread:16116 [sender.py:send_request():248] send_request: defer
2022-01-10 16:00:53,039 INFO    SenderThread:16116 [sender.py:send_request_defer():383] handle sender defer: 9
2022-01-10 16:00:53,145 DEBUG   HandlerThread:16116 [handler.py:handle_request():130] handle_request: poll_exit
2022-01-10 16:00:53,146 DEBUG   SenderThread:16116 [sender.py:send_request():248] send_request: poll_exit
2022-01-10 16:00:53,146 INFO    SenderThread:16116 [file_pusher.py:join():182] waiting for file pusher
2022-01-10 16:29:53,961 DEBUG   HandlerThread:16116 [handler.py:handle_request():130] handle_request: poll_exit
2022-01-10 16:29:59,080 DEBUG   HandlerThread:16116 [handler.py:handle_request():130] handle_request: poll_exit
2022-01-10 16:30:02,994 ERROR   SenderThread:16116 [retry.py:__call__():126] Retry attempt failed:
Traceback (most recent call last):
  File "C:\Users\Hemanth\AppData\Local\Programs\Python\Python37\lib\site-packages\urllib3\connection.py", line 175, in _new_conn
    (self._dns_host, self.port), self.timeout, **extra_kw
  File "C:\Users\Hemanth\AppData\Local\Programs\Python\Python37\lib\site-packages\urllib3\util\connection.py", line 72, in create_connection
    for res in socket.getaddrinfo(host, port, family, socket.SOCK_STREAM):
  File "C:\Users\Hemanth\AppData\Local\Programs\Python\Python37\lib\socket.py", line 752, in getaddrinfo
    for res in _socket.getaddrinfo(host, port, family, type, proto, flags):
socket.gaierror: [Errno 11001] getaddrinfo failed

During handling of the above exception, another exception occurred:

Traceback (most recent call last):
  File "C:\Users\Hemanth\AppData\Local\Programs\Python\Python37\lib\site-packages\urllib3\connectionpool.py", line 710, in urlopen
    chunked=chunked,
  File "C:\Users\Hemanth\AppData\Local\Programs\Python\Python37\lib\site-packages\urllib3\connectionpool.py", line 386, in _make_request
    self._validate_conn(conn)
  File "C:\Users\Hemanth\AppData\Local\Programs\Python\Python37\lib\site-packages\urllib3\connectionpool.py", line 1040, in _validate_conn
    conn.connect()
  File "C:\Users\Hemanth\AppData\Local\Programs\Python\Python37\lib\site-packages\urllib3\connection.py", line 358, in connect
    conn = self._new_conn()
  File "C:\Users\Hemanth\AppData\Local\Programs\Python\Python37\lib\site-packages\urllib3\connection.py", line 187, in _new_conn
    self, "Failed to establish a new connection: %s" % e
urllib3.exceptions.NewConnectionError: <urllib3.connection.HTTPSConnection object at 0x000002C2FF0C6588>: Failed to establish a new connection: [Errno 11001] getaddrinfo failed

During handling of the above exception, another exception occurred:

Traceback (most recent call last):
  File "C:\Users\Hemanth\AppData\Local\Programs\Python\Python37\lib\site-packages\requests\adapters.py", line 450, in send
    timeout=timeout
  File "C:\Users\Hemanth\AppData\Local\Programs\Python\Python37\lib\site-packages\urllib3\connectionpool.py", line 786, in urlopen
    method, url, error=e, _pool=self, _stacktrace=sys.exc_info()[2]
  File "C:\Users\Hemanth\AppData\Local\Programs\Python\Python37\lib\site-packages\urllib3\util\retry.py", line 592, in increment
    raise MaxRetryError(_pool, url, error or ResponseError(cause))
urllib3.exceptions.MaxRetryError: HTTPSConnectionPool(host='api.wandb.ai', port=443): Max retries exceeded with url: /graphql (Caused by NewConnectionError('<urllib3.connection.HTTPSConnection object at 0x000002C2FF0C6588>: Failed to establish a new connection: [Errno 11001] getaddrinfo failed'))

During handling of the above exception, another exception occurred:

Traceback (most recent call last):
  File "C:\Users\Hemanth\AppData\Local\Programs\Python\Python37\lib\site-packages\wandb\sdk\lib\retry.py", line 102, in __call__
    result = self._call_fn(*args, **kwargs)
  File "C:\Users\Hemanth\AppData\Local\Programs\Python\Python37\lib\site-packages\wandb\sdk\internal\internal_api.py", line 141, in execute
    return self.client.execute(*args, **kwargs)
  File "C:\Users\Hemanth\AppData\Local\Programs\Python\Python37\lib\site-packages\wandb\vendor\gql-0.2.0\gql\client.py", line 52, in execute
    result = self._get_result(document, *args, **kwargs)
  File "C:\Users\Hemanth\AppData\Local\Programs\Python\Python37\lib\site-packages\wandb\vendor\gql-0.2.0\gql\client.py", line 60, in _get_result
    return self.transport.execute(document, *args, **kwargs)
  File "C:\Users\Hemanth\AppData\Local\Programs\Python\Python37\lib\site-packages\wandb\vendor\gql-0.2.0\gql\transport\requests.py", line 38, in execute
    request = requests.post(self.url, **post_args)
  File "C:\Users\Hemanth\AppData\Local\Programs\Python\Python37\lib\site-packages\requests\api.py", line 117, in post
    return request('post', url, data=data, json=json, **kwargs)
  File "C:\Users\Hemanth\AppData\Local\Programs\Python\Python37\lib\site-packages\requests\api.py", line 61, in request
    return session.request(method=method, url=url, **kwargs)
  File "C:\Users\Hemanth\AppData\Local\Programs\Python\Python37\lib\site-packages\requests\sessions.py", line 529, in request
    resp = self.send(prep, **send_kwargs)
  File "C:\Users\Hemanth\AppData\Local\Programs\Python\Python37\lib\site-packages\requests\sessions.py", line 645, in send
    r = adapter.send(request, **kwargs)
  File "C:\Users\Hemanth\AppData\Local\Programs\Python\Python37\lib\site-packages\requests\adapters.py", line 519, in send
    raise ConnectionError(e, request=request)
requests.exceptions.ConnectionError: HTTPSConnectionPool(host='api.wandb.ai', port=443): Max retries exceeded with url: /graphql (Caused by NewConnectionError('<urllib3.connection.HTTPSConnection object at 0x000002C2FF0C6588>: Failed to establish a new connection: [Errno 11001] getaddrinfo failed'))
2022-01-10 16:30:04,193 DEBUG   HandlerThread:16116 [handler.py:handle_request():130] handle_request: poll_exit
2022-01-10 16:30:09,608 DEBUG   HandlerThread:16116 [handler.py:handle_request():130] handle_request: poll_exit
2022-01-10 16:30:14,428 DEBUG   HandlerThread:16116 [handler.py:handle_request():130] handle_request: poll_exit
2022-01-10 16:30:19,543 DEBUG   HandlerThread:16116 [handler.py:handle_request():130] handle_request: poll_exit
2022-01-10 16:30:24,661 DEBUG   HandlerThread:16116 [handler.py:handle_request():130] handle_request: poll_exit
2022-01-10 16:30:29,771 DEBUG   HandlerThread:16116 [handler.py:handle_request():130] handle_request: poll_exit
2022-01-10 16:30:34,883 DEBUG   HandlerThread:16116 [handler.py:handle_request():130] handle_request: poll_exit
2022-01-10 16:30:40,006 DEBUG   HandlerThread:16116 [handler.py:handle_request():130] handle_request: poll_exit
2022-01-10 16:30:45,116 DEBUG   HandlerThread:16116 [handler.py:handle_request():130] handle_request: poll_exit
2022-01-10 16:30:50,239 DEBUG   HandlerThread:16116 [handler.py:handle_request():130] handle_request: poll_exit
2022-01-10 16:30:55,357 DEBUG   HandlerThread:16116 [handler.py:handle_request():130] handle_request: poll_exit
2022-01-10 16:31:00,479 DEBUG   HandlerThread:16116 [handler.py:handle_request():130] handle_request: poll_exit
